2025-02-24T11:08:26.379+05:30  INFO 3164 --- [API_dummy_data] [main] P.A.ApiDummyDataApplicationTests         : Starting ApiDummyDataApplicationTests using Java 23.0.1 with PID 3164 (started by pc in D:\study\PS-project\API_dummy_data)
2025-02-24T11:08:26.385+05:30  INFO 3164 --- [API_dummy_data] [main] P.A.ApiDummyDataApplicationTests         : No active profile set, falling back to 1 default profile: "default"
2025-02-24T11:08:28.525+05:30  INFO 3164 --- [API_dummy_data] [main] com.zaxxer.hikari.HikariDataSource       : HikariPool-1 - Starting...
2025-02-24T11:08:28.658+05:30  INFO 3164 --- [API_dummy_data] [main] com.zaxxer.hikari.pool.HikariPool        : HikariPool-1 - Added connection conn0: url=jdbc:h2:mem:usersdb user=SA
2025-02-24T11:08:28.659+05:30  INFO 3164 --- [API_dummy_data] [main] com.zaxxer.hikari.HikariDataSource       : HikariPool-1 - Start completed.
2025-02-24T11:08:28.680+05:30  WARN 3164 --- [API_dummy_data] [main] org.hibernate.orm.deprecation            : HHH90000025: H2Dialect does not need to be specified explicitly using 'hibernate.dialect' (remove the property setting and it will be selected by default)
2025-02-24T11:08:30.065+05:30  INFO 3164 --- [API_dummy_data] [main] P.API_dummy_data.service.UserService     : Loading users data from external API
2025-02-24T11:08:32.071+05:30  INFO 3164 --- [API_dummy_data] [main] P.API_dummy_data.service.UserService     : Successfully loaded 30 users
2025-02-24T11:08:32.329+05:30  WARN 3164 --- [API_dummy_data] [main] JpaBaseConfiguration$JpaWebConfiguration : spring.jpa.open-in-view is enabled by default. Therefore, database queries may be performed during view rendering. Explicitly configure spring.jpa.open-in-view to disable this warning
2025-02-24T11:08:32.969+05:30  INFO 3164 --- [API_dummy_data] [main] P.A.ApiDummyDataApplicationTests         : Started ApiDummyDataApplicationTests in 6.904 seconds (process running for 7.889)
2025-02-24T11:08:33.386+05:30  INFO 3164 --- [API_dummy_data] [SpringApplicationShutdownHook] com.zaxxer.hikari.HikariDataSource       : HikariPool-1 - Shutdown initiated...
2025-02-24T11:08:33.388+05:30  INFO 3164 --- [API_dummy_data] [SpringApplicationShutdownHook] com.zaxxer.hikari.HikariDataSource       : HikariPool-1 - Shutdown completed.
2025-02-24T11:15:19.975+05:30  INFO 11268 --- [API_dummy_data] [main] P.A.ApiDummyDataApplicationTests         : Starting ApiDummyDataApplicationTests using Java 23.0.1 with PID 11268 (started by pc in D:\study\PS-project\API_dummy_data)
2025-02-24T11:15:19.976+05:30  INFO 11268 --- [API_dummy_data] [main] P.A.ApiDummyDataApplicationTests         : No active profile set, falling back to 1 default profile: "default"
2025-02-24T11:15:21.573+05:30  INFO 11268 --- [API_dummy_data] [main] com.zaxxer.hikari.HikariDataSource       : HikariPool-1 - Starting...
2025-02-24T11:15:21.688+05:30  INFO 11268 --- [API_dummy_data] [main] com.zaxxer.hikari.pool.HikariPool        : HikariPool-1 - Added connection conn0: url=jdbc:h2:mem:usersdb user=SA
2025-02-24T11:15:21.689+05:30  INFO 11268 --- [API_dummy_data] [main] com.zaxxer.hikari.HikariDataSource       : HikariPool-1 - Start completed.
2025-02-24T11:15:21.705+05:30  WARN 11268 --- [API_dummy_data] [main] org.hibernate.orm.deprecation            : HHH90000025: H2Dialect does not need to be specified explicitly using 'hibernate.dialect' (remove the property setting and it will be selected by default)
2025-02-24T11:15:22.887+05:30  INFO 11268 --- [API_dummy_data] [main] P.API_dummy_data.service.UserService     : Loading users data from external API
2025-02-24T11:15:24.491+05:30  INFO 11268 --- [API_dummy_data] [main] P.API_dummy_data.service.UserService     : Successfully loaded 30 users
2025-02-24T11:15:25.230+05:30  INFO 11268 --- [API_dummy_data] [main] P.A.ApiDummyDataApplicationTests         : Started ApiDummyDataApplicationTests in 5.522 seconds (process running for 6.372)
2025-02-24T11:15:25.684+05:30  INFO 11268 --- [API_dummy_data] [SpringApplicationShutdownHook] com.zaxxer.hikari.HikariDataSource       : HikariPool-1 - Shutdown initiated...
2025-02-24T11:15:25.686+05:30  INFO 11268 --- [API_dummy_data] [SpringApplicationShutdownHook] com.zaxxer.hikari.HikariDataSource       : HikariPool-1 - Shutdown completed.
